android/app/build/intermediates/manifest_merge_blame_file/debug/manifest-merger-blame-debug-report.txt
1<?xml version="1.0" encoding="utf-8"?>
2<manifest xmlns:android="http://schemas.android.com/apk/res/android"
3    package="com.awesomeproject"
4    android:versionCode="1"
5    android:versionName="1.0" >
6
7    <uses-sdk
8        android:minSdkVersion="21"
9        android:targetSdkVersion="33" />
10
11    <uses-permission android:name="android.permission.SYSTEM_ALERT_WINDOW" />
11-->src\debug\AndroidManifest.xml:5:5-77
11-->src\debug\AndroidManifest.xml:5:22-75
12    <uses-permission android:name="android.permission.INTERNET" />
12-->src\main\AndroidManifest.xml:3:5-67
12-->src\main\AndroidManifest.xml:3:22-64
13    <uses-permission android:name="android.permission.ACCESS_WIFI_STATE" />
13-->[com.facebook.flipper:flipper:0.182.0] AndroidManifest.xml:16:5-76
13-->[com.facebook.flipper:flipper:0.182.0] AndroidManifest.xml:16:22-73
14    <uses-permission android:name="android.permission.WAKE_LOCK" /> <!-- Create a unique permission for your app and use it so only your app can receive your OneSignal messages. -->
14-->[:react-native-background-timer] AndroidManifest.xml:7:5-68
14-->[:react-native-background-timer] AndroidManifest.xml:7:22-65
15    <permission
15-->[com.onesignal:notifications:5.0.2] AndroidManifest.xml:10:5-12:47
16        android:name="com.awesomeproject.permission.C2D_MESSAGE"
16-->[com.onesignal:notifications:5.0.2] AndroidManifest.xml:11:9-63
17        android:protectionLevel="signature" />
17-->[com.onesignal:notifications:5.0.2] AndroidManifest.xml:12:9-44
18
19    <uses-permission android:name="com.awesomeproject.permission.C2D_MESSAGE" /> <!-- Required runtime permission to display notifications on Android 13 -->
19-->[com.onesignal:notifications:5.0.2] AndroidManifest.xml:14:5-79
19-->[com.onesignal:notifications:5.0.2] AndroidManifest.xml:14:22-76
20    <uses-permission android:name="android.permission.POST_NOTIFICATIONS" /> <!-- c2dm RECEIVE are basic requirements for push messages through Google's FCM -->
20-->[com.onesignal:notifications:5.0.2] AndroidManifest.xml:17:5-77
20-->[com.onesignal:notifications:5.0.2] AndroidManifest.xml:17:22-74
21    <uses-permission android:name="com.google.android.c2dm.permission.RECEIVE" />
21-->[com.onesignal:notifications:5.0.2] AndroidManifest.xml:19:5-82
21-->[com.onesignal:notifications:5.0.2] AndroidManifest.xml:19:22-79
22    <!--
23 Required so the device vibrates on receiving a push notification.
24         Vibration settings of the device still apply.
25    -->
26    <uses-permission android:name="android.permission.VIBRATE" />
26-->[com.onesignal:notifications:5.0.2] AndroidManifest.xml:24:5-66
26-->[com.onesignal:notifications:5.0.2] AndroidManifest.xml:24:22-63
27    <!--
28 Use to restore notifications the user hasn't interacted with.
29     They could be missed notifications if the user reboots their device if this isn't in place.
30    -->
31    <uses-permission android:name="android.permission.RECEIVE_BOOT_COMPLETED" /> <!-- START: ShortcutBadger -->
31-->[com.onesignal:notifications:5.0.2] AndroidManifest.xml:29:5-81
31-->[com.onesignal:notifications:5.0.2] AndroidManifest.xml:29:22-78
32    <!-- Samsung -->
33    <uses-permission android:name="com.sec.android.provider.badge.permission.READ" />
33-->[com.onesignal:notifications:5.0.2] AndroidManifest.xml:31:5-86
33-->[com.onesignal:notifications:5.0.2] AndroidManifest.xml:31:22-83
34    <uses-permission android:name="com.sec.android.provider.badge.permission.WRITE" /> <!-- HTC -->
34-->[com.onesignal:notifications:5.0.2] AndroidManifest.xml:32:5-87
34-->[com.onesignal:notifications:5.0.2] AndroidManifest.xml:32:22-84
35    <uses-permission android:name="com.htc.launcher.permission.READ_SETTINGS" />
35-->[com.onesignal:notifications:5.0.2] AndroidManifest.xml:33:5-81
35-->[com.onesignal:notifications:5.0.2] AndroidManifest.xml:33:22-78
36    <uses-permission android:name="com.htc.launcher.permission.UPDATE_SHORTCUT" /> <!-- Sony -->
36-->[com.onesignal:notifications:5.0.2] AndroidManifest.xml:34:5-83
36-->[com.onesignal:notifications:5.0.2] AndroidManifest.xml:34:22-80
37    <uses-permission android:name="com.sonyericsson.home.permission.BROADCAST_BADGE" />
37-->[com.onesignal:notifications:5.0.2] AndroidManifest.xml:35:5-88
37-->[com.onesignal:notifications:5.0.2] AndroidManifest.xml:35:22-85
38    <uses-permission android:name="com.sonymobile.home.permission.PROVIDER_INSERT_BADGE" /> <!-- Apex -->
38-->[com.onesignal:notifications:5.0.2] AndroidManifest.xml:36:5-92
38-->[com.onesignal:notifications:5.0.2] AndroidManifest.xml:36:22-89
39    <uses-permission android:name="com.anddoes.launcher.permission.UPDATE_COUNT" /> <!-- Solid -->
39-->[com.onesignal:notifications:5.0.2] AndroidManifest.xml:37:5-84
39-->[com.onesignal:notifications:5.0.2] AndroidManifest.xml:37:22-81
40    <uses-permission android:name="com.majeur.launcher.permission.UPDATE_BADGE" /> <!-- Huawei -->
40-->[com.onesignal:notifications:5.0.2] AndroidManifest.xml:38:5-83
40-->[com.onesignal:notifications:5.0.2] AndroidManifest.xml:38:22-80
41    <uses-permission android:name="com.huawei.android.launcher.permission.CHANGE_BADGE" />
41-->[com.onesignal:notifications:5.0.2] AndroidManifest.xml:39:5-91
41-->[com.onesignal:notifications:5.0.2] AndroidManifest.xml:39:22-88
42    <uses-permission android:name="com.huawei.android.launcher.permission.READ_SETTINGS" />
42-->[com.onesignal:notifications:5.0.2] AndroidManifest.xml:40:5-92
42-->[com.onesignal:notifications:5.0.2] AndroidManifest.xml:40:22-89
43    <uses-permission android:name="com.huawei.android.launcher.permission.WRITE_SETTINGS" /> <!-- ZUK -->
43-->[com.onesignal:notifications:5.0.2] AndroidManifest.xml:41:5-93
43-->[com.onesignal:notifications:5.0.2] AndroidManifest.xml:41:22-90
44    <uses-permission android:name="android.permission.READ_APP_BADGE" /> <!-- OPPO -->
44-->[com.onesignal:notifications:5.0.2] AndroidManifest.xml:42:5-73
44-->[com.onesignal:notifications:5.0.2] AndroidManifest.xml:42:22-70
45    <uses-permission android:name="com.oppo.launcher.permission.READ_SETTINGS" />
45-->[com.onesignal:notifications:5.0.2] AndroidManifest.xml:43:5-82
45-->[com.onesignal:notifications:5.0.2] AndroidManifest.xml:43:22-79
46    <uses-permission android:name="com.oppo.launcher.permission.WRITE_SETTINGS" /> <!-- EvMe -->
46-->[com.onesignal:notifications:5.0.2] AndroidManifest.xml:44:5-83
46-->[com.onesignal:notifications:5.0.2] AndroidManifest.xml:44:22-80
47    <uses-permission android:name="me.everything.badger.permission.BADGE_COUNT_READ" />
47-->[com.onesignal:notifications:5.0.2] AndroidManifest.xml:45:5-88
47-->[com.onesignal:notifications:5.0.2] AndroidManifest.xml:45:22-85
48    <uses-permission android:name="me.everything.badger.permission.BADGE_COUNT_WRITE" />
48-->[com.onesignal:notifications:5.0.2] AndroidManifest.xml:46:5-89
48-->[com.onesignal:notifications:5.0.2] AndroidManifest.xml:46:22-86
49    <!--
50         At a minimum the location module requires course permission, the app has the option
51         to also include ACCESS_FINE_LOCATION and/or ACCESS_BACKGROUND_LOCATION
52    -->
53    <uses-permission android:name="android.permission.ACCESS_COARSE_LOCATION" />
53-->[com.onesignal:location:5.0.2] AndroidManifest.xml:13:5-81
53-->[com.onesignal:location:5.0.2] AndroidManifest.xml:13:22-78
54    <uses-permission android:name="android.permission.ACCESS_NETWORK_STATE" />
54-->[com.onesignal:core:5.0.2] AndroidManifest.xml:10:5-79
54-->[com.onesignal:core:5.0.2] AndroidManifest.xml:10:22-76
55    <uses-permission android:name="android.permission.FOREGROUND_SERVICE" />
55-->[androidx.work:work-runtime:2.7.1] AndroidManifest.xml:28:5-77
55-->[androidx.work:work-runtime:2.7.1] AndroidManifest.xml:28:22-74
56
57    <application
57-->src\main\AndroidManifest.xml:5:5-24:19
58        android:name="com.awesomeproject.MainApplication"
58-->src\main\AndroidManifest.xml:6:7-38
59        android:allowBackup="false"
59-->src\main\AndroidManifest.xml:10:7-34
60        android:appComponentFactory="androidx.core.app.CoreComponentFactory"
60-->[androidx.core:core:1.7.0] AndroidManifest.xml:24:18-86
61        android:debuggable="true"
62        android:icon="@mipmap/ic_launcher"
62-->src\main\AndroidManifest.xml:8:7-41
63        android:label="@string/app_name"
63-->src\main\AndroidManifest.xml:7:7-39
64        android:roundIcon="@mipmap/ic_launcher_round"
64-->src\main\AndroidManifest.xml:9:7-52
65        android:theme="@style/AppTheme"
65-->src\main\AndroidManifest.xml:11:7-38
66        android:usesCleartextTraffic="true" >
66-->src\debug\AndroidManifest.xml:8:9-44
67        <activity
67-->src\debug\AndroidManifest.xml:11:9-111
68            android:name="com.facebook.react.devsupport.DevSettingsActivity"
68-->src\debug\AndroidManifest.xml:11:19-83
69            android:exported="false" />
69-->src\debug\AndroidManifest.xml:11:84-108
70        <activity
70-->src\main\AndroidManifest.xml:12:7-23:18
71            android:name="com.awesomeproject.MainActivity"
71-->src\main\AndroidManifest.xml:13:9-37
72            android:configChanges="keyboard|keyboardHidden|orientation|screenLayout|screenSize|smallestScreenSize|uiMode"
72-->src\main\AndroidManifest.xml:15:9-118
73            android:exported="true"
73-->src\main\AndroidManifest.xml:18:9-32
74            android:label="@string/app_name"
74-->src\main\AndroidManifest.xml:14:9-41
75            android:launchMode="singleTask"
75-->src\main\AndroidManifest.xml:16:9-40
76            android:windowSoftInputMode="adjustResize" >
76-->src\main\AndroidManifest.xml:17:9-51
77            <intent-filter>
77-->src\main\AndroidManifest.xml:19:9-22:25
78                <action android:name="android.intent.action.MAIN" />
78-->src\main\AndroidManifest.xml:20:13-65
78-->src\main\AndroidManifest.xml:20:21-62
79
80                <category android:name="android.intent.category.LAUNCHER" />
80-->src\main\AndroidManifest.xml:21:13-73
80-->src\main\AndroidManifest.xml:21:23-70
81            </intent-filter>
82        </activity>
83
84        <receiver
84-->[com.onesignal:notifications:5.0.2] AndroidManifest.xml:49:9-60:20
85            android:name="com.onesignal.notifications.receivers.FCMBroadcastReceiver"
85-->[com.onesignal:notifications:5.0.2] AndroidManifest.xml:50:13-86
86            android:exported="true"
86-->[com.onesignal:notifications:5.0.2] AndroidManifest.xml:51:13-36
87            android:permission="com.google.android.c2dm.permission.SEND" >
87-->[com.onesignal:notifications:5.0.2] AndroidManifest.xml:52:13-73
88
89            <!-- High priority so OneSignal payloads can be filtered from other FCM receivers -->
90            <intent-filter android:priority="999" >
90-->[com.onesignal:notifications:5.0.2] AndroidManifest.xml:55:13-59:29
90-->[com.onesignal:notifications:5.0.2] AndroidManifest.xml:55:28-50
91                <action android:name="com.google.android.c2dm.intent.RECEIVE" />
91-->[com.onesignal:notifications:5.0.2] AndroidManifest.xml:56:17-81
91-->[com.onesignal:notifications:5.0.2] AndroidManifest.xml:56:25-78
92
93                <category android:name="com.awesomeproject" />
93-->[com.onesignal:notifications:5.0.2] AndroidManifest.xml:58:17-61
93-->[com.onesignal:notifications:5.0.2] AndroidManifest.xml:58:27-58
94            </intent-filter>
95        </receiver>
96
97        <service
97-->[com.onesignal:notifications:5.0.2] AndroidManifest.xml:62:9-68:19
98            android:name="com.onesignal.notifications.services.HmsMessageServiceOneSignal"
98-->[com.onesignal:notifications:5.0.2] AndroidManifest.xml:63:13-91
99            android:exported="false" >
99-->[com.onesignal:notifications:5.0.2] AndroidManifest.xml:64:13-37
100            <intent-filter>
100-->[com.onesignal:notifications:5.0.2] AndroidManifest.xml:65:13-67:29
101                <action android:name="com.huawei.push.action.MESSAGING_EVENT" />
101-->[com.onesignal:notifications:5.0.2] AndroidManifest.xml:66:17-81
101-->[com.onesignal:notifications:5.0.2] AndroidManifest.xml:66:25-78
102            </intent-filter>
103        </service>
104
105        <activity
105-->[com.onesignal:notifications:5.0.2] AndroidManifest.xml:70:9-78:20
106            android:name="com.onesignal.notifications.activities.NotificationOpenedActivityHMS"
106-->[com.onesignal:notifications:5.0.2] AndroidManifest.xml:71:13-96
107            android:exported="true"
107-->[com.onesignal:notifications:5.0.2] AndroidManifest.xml:72:13-36
108            android:noHistory="true"
108-->[com.onesignal:notifications:5.0.2] AndroidManifest.xml:73:13-37
109            android:theme="@android:style/Theme.Translucent.NoTitleBar" >
109-->[com.onesignal:notifications:5.0.2] AndroidManifest.xml:74:13-72
110            <intent-filter>
110-->[com.onesignal:notifications:5.0.2] AndroidManifest.xml:75:13-77:29
111                <action android:name="android.intent.action.VIEW" />
111-->[com.onesignal:notifications:5.0.2] AndroidManifest.xml:76:17-69
111-->[com.onesignal:notifications:5.0.2] AndroidManifest.xml:76:25-66
112            </intent-filter>
113        </activity>
114
115        <receiver
115-->[com.onesignal:notifications:5.0.2] AndroidManifest.xml:80:9-82:39
116            android:name="com.onesignal.notifications.receivers.NotificationDismissReceiver"
116-->[com.onesignal:notifications:5.0.2] AndroidManifest.xml:81:13-93
117            android:exported="true" />
117-->[com.onesignal:notifications:5.0.2] AndroidManifest.xml:82:13-36
118        <receiver
118-->[com.onesignal:notifications:5.0.2] AndroidManifest.xml:83:9-90:20
119            android:name="com.onesignal.notifications.receivers.BootUpReceiver"
119-->[com.onesignal:notifications:5.0.2] AndroidManifest.xml:84:13-80
120            android:exported="true" >
120-->[com.onesignal:notifications:5.0.2] AndroidManifest.xml:85:13-36
121            <intent-filter>
121-->[com.onesignal:notifications:5.0.2] AndroidManifest.xml:86:13-89:29
122                <action android:name="android.intent.action.BOOT_COMPLETED" />
122-->[com.onesignal:notifications:5.0.2] AndroidManifest.xml:87:17-79
122-->[com.onesignal:notifications:5.0.2] AndroidManifest.xml:87:25-76
123                <action android:name="android.intent.action.QUICKBOOT_POWERON" />
123-->[com.onesignal:notifications:5.0.2] AndroidManifest.xml:88:17-82
123-->[com.onesignal:notifications:5.0.2] AndroidManifest.xml:88:25-79
124            </intent-filter>
125        </receiver>
126        <receiver
126-->[com.onesignal:notifications:5.0.2] AndroidManifest.xml:91:9-97:20
127            android:name="com.onesignal.notifications.receivers.UpgradeReceiver"
127-->[com.onesignal:notifications:5.0.2] AndroidManifest.xml:92:13-81
128            android:exported="true" >
128-->[com.onesignal:notifications:5.0.2] AndroidManifest.xml:93:13-36
129            <intent-filter>
129-->[com.onesignal:notifications:5.0.2] AndroidManifest.xml:94:13-96:29
130                <action android:name="android.intent.action.MY_PACKAGE_REPLACED" />
130-->[com.onesignal:notifications:5.0.2] AndroidManifest.xml:95:17-84
130-->[com.onesignal:notifications:5.0.2] AndroidManifest.xml:95:25-81
131            </intent-filter>
132        </receiver>
133
134        <activity
134-->[com.onesignal:notifications:5.0.2] AndroidManifest.xml:99:9-105:75
135            android:name="com.onesignal.notifications.activities.NotificationOpenedActivity"
135-->[com.onesignal:notifications:5.0.2] AndroidManifest.xml:100:13-93
136            android:excludeFromRecents="true"
136-->[com.onesignal:notifications:5.0.2] AndroidManifest.xml:101:13-46
137            android:exported="true"
137-->[com.onesignal:notifications:5.0.2] AndroidManifest.xml:102:13-36
138            android:noHistory="true"
138-->[com.onesignal:notifications:5.0.2] AndroidManifest.xml:103:13-37
139            android:taskAffinity=""
139-->[com.onesignal:notifications:5.0.2] AndroidManifest.xml:104:13-36
140            android:theme="@android:style/Theme.Translucent.NoTitleBar" />
140-->[com.onesignal:notifications:5.0.2] AndroidManifest.xml:105:13-72
141        <activity
141-->[com.onesignal:notifications:5.0.2] AndroidManifest.xml:106:9-111:75
142            android:name="com.onesignal.notifications.activities.NotificationOpenedActivityAndroid22AndOlder"
142-->[com.onesignal:notifications:5.0.2] AndroidManifest.xml:107:13-110
143            android:excludeFromRecents="true"
143-->[com.onesignal:notifications:5.0.2] AndroidManifest.xml:108:13-46
144            android:exported="true"
144-->[com.onesignal:notifications:5.0.2] AndroidManifest.xml:109:13-36
145            android:noHistory="true"
145-->[com.onesignal:notifications:5.0.2] AndroidManifest.xml:110:13-37
146            android:theme="@android:style/Theme.Translucent.NoTitleBar" />
146-->[com.onesignal:notifications:5.0.2] AndroidManifest.xml:111:13-72
147
148        <service
148-->[com.onesignal:core:5.0.2] AndroidManifest.xml:13:9-16:43
149            android:name="com.onesignal.core.services.SyncService"
149-->[com.onesignal:core:5.0.2] AndroidManifest.xml:14:13-67
150            android:exported="false"
150-->[com.onesignal:core:5.0.2] AndroidManifest.xml:15:13-37
151            android:stopWithTask="true" />
151-->[com.onesignal:core:5.0.2] AndroidManifest.xml:16:13-40
152        <service
152-->[com.onesignal:core:5.0.2] AndroidManifest.xml:17:9-20:72
153            android:name="com.onesignal.core.services.SyncJobService"
153-->[com.onesignal:core:5.0.2] AndroidManifest.xml:18:13-70
154            android:exported="false"
154-->[com.onesignal:core:5.0.2] AndroidManifest.xml:19:13-37
155            android:permission="android.permission.BIND_JOB_SERVICE" />
155-->[com.onesignal:core:5.0.2] AndroidManifest.xml:20:13-69
156
157        <activity
157-->[com.onesignal:core:5.0.2] AndroidManifest.xml:22:9-25:75
158            android:name="com.onesignal.core.activities.PermissionsActivity"
158-->[com.onesignal:core:5.0.2] AndroidManifest.xml:23:13-77
159            android:exported="false"
159-->[com.onesignal:core:5.0.2] AndroidManifest.xml:24:13-37
160            android:theme="@android:style/Theme.Translucent.NoTitleBar" />
160-->[com.onesignal:core:5.0.2] AndroidManifest.xml:25:13-72
161
162        <meta-data
162-->[com.facebook.soloader:soloader:0.10.5] AndroidManifest.xml:12:9-14:37
163            android:name="com.facebook.soloader.enabled"
163-->[com.facebook.soloader:soloader:0.10.5] AndroidManifest.xml:13:13-57
164            android:value="false" />
164-->[com.facebook.soloader:soloader:0.10.5] AndroidManifest.xml:14:13-34
165
166        <provider
166-->[androidx.work:work-runtime:2.7.1] AndroidManifest.xml:31:9-39:20
167            android:name="androidx.startup.InitializationProvider"
167-->[androidx.work:work-runtime:2.7.1] AndroidManifest.xml:32:13-67
168            android:authorities="com.awesomeproject.androidx-startup"
168-->[androidx.work:work-runtime:2.7.1] AndroidManifest.xml:33:13-68
169            android:exported="false" >
169-->[androidx.work:work-runtime:2.7.1] AndroidManifest.xml:34:13-37
170            <meta-data
170-->[androidx.work:work-runtime:2.7.1] AndroidManifest.xml:36:13-38:52
171                android:name="androidx.work.WorkManagerInitializer"
171-->[androidx.work:work-runtime:2.7.1] AndroidManifest.xml:37:17-68
172                android:value="androidx.startup" />
172-->[androidx.work:work-runtime:2.7.1] AndroidManifest.xml:38:17-49
173            <meta-data
173-->[androidx.emoji2:emoji2:1.0.0] AndroidManifest.xml:31:13-33:52
174                android:name="androidx.emoji2.text.EmojiCompatInitializer"
174-->[androidx.emoji2:emoji2:1.0.0] AndroidManifest.xml:32:17-75
175                android:value="androidx.startup" />
175-->[androidx.emoji2:emoji2:1.0.0] AndroidManifest.xml:33:17-49
176            <meta-data
176-->[androidx.lifecycle:lifecycle-process:2.4.0] AndroidManifest.xml:31:13-33:52
177                android:name="androidx.lifecycle.ProcessLifecycleInitializer"
177-->[androidx.lifecycle:lifecycle-process:2.4.0] AndroidManifest.xml:32:17-78
178                android:value="androidx.startup" />
178-->[androidx.lifecycle:lifecycle-process:2.4.0] AndroidManifest.xml:33:17-49
179        </provider>
180
181        <service
181-->[androidx.work:work-runtime:2.7.1] AndroidManifest.xml:41:9-46:35
182            android:name="androidx.work.impl.background.systemalarm.SystemAlarmService"
182-->[androidx.work:work-runtime:2.7.1] AndroidManifest.xml:42:13-88
183            android:directBootAware="false"
183-->[androidx.work:work-runtime:2.7.1] AndroidManifest.xml:43:13-44
184            android:enabled="@bool/enable_system_alarm_service_default"
184-->[androidx.work:work-runtime:2.7.1] AndroidManifest.xml:44:13-72
185            android:exported="false" />
185-->[androidx.work:work-runtime:2.7.1] AndroidManifest.xml:45:13-37
186        <service
186-->[androidx.work:work-runtime:2.7.1] AndroidManifest.xml:47:9-53:35
187            android:name="androidx.work.impl.background.systemjob.SystemJobService"
187-->[androidx.work:work-runtime:2.7.1] AndroidManifest.xml:48:13-84
188            android:directBootAware="false"
188-->[androidx.work:work-runtime:2.7.1] AndroidManifest.xml:49:13-44
189            android:enabled="@bool/enable_system_job_service_default"
189-->[androidx.work:work-runtime:2.7.1] AndroidManifest.xml:50:13-70
190            android:exported="true"
190-->[androidx.work:work-runtime:2.7.1] AndroidManifest.xml:51:13-36
191            android:permission="android.permission.BIND_JOB_SERVICE" />
191-->[androidx.work:work-runtime:2.7.1] AndroidManifest.xml:52:13-69
192        <service
192-->[androidx.work:work-runtime:2.7.1] AndroidManifest.xml:54:9-59:35
193            android:name="androidx.work.impl.foreground.SystemForegroundService"
193-->[androidx.work:work-runtime:2.7.1] AndroidManifest.xml:55:13-81
194            android:directBootAware="false"
194-->[androidx.work:work-runtime:2.7.1] AndroidManifest.xml:56:13-44
195            android:enabled="@bool/enable_system_foreground_service_default"
195-->[androidx.work:work-runtime:2.7.1] AndroidManifest.xml:57:13-77
196            android:exported="false" />
196-->[androidx.work:work-runtime:2.7.1] AndroidManifest.xml:58:13-37
197
198        <receiver
198-->[androidx.work:work-runtime:2.7.1] AndroidManifest.xml:61:9-66:35
199            android:name="androidx.work.impl.utils.ForceStopRunnable$BroadcastReceiver"
199-->[androidx.work:work-runtime:2.7.1] AndroidManifest.xml:62:13-88
200            android:directBootAware="false"
200-->[androidx.work:work-runtime:2.7.1] AndroidManifest.xml:63:13-44
201            android:enabled="true"
201-->[androidx.work:work-runtime:2.7.1] AndroidManifest.xml:64:13-35
202            android:exported="false" />
202-->[androidx.work:work-runtime:2.7.1] AndroidManifest.xml:65:13-37
203        <receiver
203-->[androidx.work:work-runtime:2.7.1] AndroidManifest.xml:67:9-77:20
204            android:name="androidx.work.impl.background.systemalarm.ConstraintProxy$BatteryChargingProxy"
204-->[androidx.work:work-runtime:2.7.1] AndroidManifest.xml:68:13-106
205            android:directBootAware="false"
205-->[androidx.work:work-runtime:2.7.1] AndroidManifest.xml:69:13-44
206            android:enabled="false"
206-->[androidx.work:work-runtime:2.7.1] AndroidManifest.xml:70:13-36
207            android:exported="false" >
207-->[androidx.work:work-runtime:2.7.1] AndroidManifest.xml:71:13-37
208            <intent-filter>
208-->[androidx.work:work-runtime:2.7.1] AndroidManifest.xml:73:13-76:29
209                <action android:name="android.intent.action.ACTION_POWER_CONNECTED" />
209-->[androidx.work:work-runtime:2.7.1] AndroidManifest.xml:74:17-87
209-->[androidx.work:work-runtime:2.7.1] AndroidManifest.xml:74:25-84
210                <action android:name="android.intent.action.ACTION_POWER_DISCONNECTED" />
210-->[androidx.work:work-runtime:2.7.1] AndroidManifest.xml:75:17-90
210-->[androidx.work:work-runtime:2.7.1] AndroidManifest.xml:75:25-87
211            </intent-filter>
212        </receiver>
213        <receiver
213-->[androidx.work:work-runtime:2.7.1] AndroidManifest.xml:78:9-88:20
214            android:name="androidx.work.impl.background.systemalarm.ConstraintProxy$BatteryNotLowProxy"
214-->[androidx.work:work-runtime:2.7.1] AndroidManifest.xml:79:13-104
215            android:directBootAware="false"
215-->[androidx.work:work-runtime:2.7.1] AndroidManifest.xml:80:13-44
216            android:enabled="false"
216-->[androidx.work:work-runtime:2.7.1] AndroidManifest.xml:81:13-36
217            android:exported="false" >
217-->[androidx.work:work-runtime:2.7.1] AndroidManifest.xml:82:13-37
218            <intent-filter>
218-->[androidx.work:work-runtime:2.7.1] AndroidManifest.xml:84:13-87:29
219                <action android:name="android.intent.action.BATTERY_OKAY" />
219-->[androidx.work:work-runtime:2.7.1] AndroidManifest.xml:85:17-77
219-->[androidx.work:work-runtime:2.7.1] AndroidManifest.xml:85:25-74
220                <action android:name="android.intent.action.BATTERY_LOW" />
220-->[androidx.work:work-runtime:2.7.1] AndroidManifest.xml:86:17-76
220-->[androidx.work:work-runtime:2.7.1] AndroidManifest.xml:86:25-73
221            </intent-filter>
222        </receiver>
223        <receiver
223-->[androidx.work:work-runtime:2.7.1] AndroidManifest.xml:89:9-99:20
224            android:name="androidx.work.impl.background.systemalarm.ConstraintProxy$StorageNotLowProxy"
224-->[androidx.work:work-runtime:2.7.1] AndroidManifest.xml:90:13-104
225            android:directBootAware="false"
225-->[androidx.work:work-runtime:2.7.1] AndroidManifest.xml:91:13-44
226            android:enabled="false"
226-->[androidx.work:work-runtime:2.7.1] AndroidManifest.xml:92:13-36
227            android:exported="false" >
227-->[androidx.work:work-runtime:2.7.1] AndroidManifest.xml:93:13-37
228            <intent-filter>
228-->[androidx.work:work-runtime:2.7.1] AndroidManifest.xml:95:13-98:29
229                <action android:name="android.intent.action.DEVICE_STORAGE_LOW" />
229-->[androidx.work:work-runtime:2.7.1] AndroidManifest.xml:96:17-83
229-->[androidx.work:work-runtime:2.7.1] AndroidManifest.xml:96:25-80
230                <action android:name="android.intent.action.DEVICE_STORAGE_OK" />
230-->[androidx.work:work-runtime:2.7.1] AndroidManifest.xml:97:17-82
230-->[androidx.work:work-runtime:2.7.1] AndroidManifest.xml:97:25-79
231            </intent-filter>
232        </receiver>
233        <receiver
233-->[androidx.work:work-runtime:2.7.1] AndroidManifest.xml:100:9-109:20
234            android:name="androidx.work.impl.background.systemalarm.ConstraintProxy$NetworkStateProxy"
234-->[androidx.work:work-runtime:2.7.1] AndroidManifest.xml:101:13-103
235            android:directBootAware="false"
235-->[androidx.work:work-runtime:2.7.1] AndroidManifest.xml:102:13-44
236            android:enabled="false"
236-->[androidx.work:work-runtime:2.7.1] AndroidManifest.xml:103:13-36
237            android:exported="false" >
237-->[androidx.work:work-runtime:2.7.1] AndroidManifest.xml:104:13-37
238            <intent-filter>
238-->[androidx.work:work-runtime:2.7.1] AndroidManifest.xml:106:13-108:29
239                <action android:name="android.net.conn.CONNECTIVITY_CHANGE" />
239-->[androidx.work:work-runtime:2.7.1] AndroidManifest.xml:107:17-79
239-->[androidx.work:work-runtime:2.7.1] AndroidManifest.xml:107:25-76
240            </intent-filter>
241        </receiver>
242        <receiver
242-->[androidx.work:work-runtime:2.7.1] AndroidManifest.xml:110:9-121:20
243            android:name="androidx.work.impl.background.systemalarm.RescheduleReceiver"
243-->[androidx.work:work-runtime:2.7.1] AndroidManifest.xml:111:13-88
244            android:directBootAware="false"
244-->[androidx.work:work-runtime:2.7.1] AndroidManifest.xml:112:13-44
245            android:enabled="false"
245-->[androidx.work:work-runtime:2.7.1] AndroidManifest.xml:113:13-36
246            android:exported="false" >
246-->[androidx.work:work-runtime:2.7.1] AndroidManifest.xml:114:13-37
247            <intent-filter>
247-->[androidx.work:work-runtime:2.7.1] AndroidManifest.xml:116:13-120:29
248                <action android:name="android.intent.action.BOOT_COMPLETED" />
248-->[com.onesignal:notifications:5.0.2] AndroidManifest.xml:87:17-79
248-->[com.onesignal:notifications:5.0.2] AndroidManifest.xml:87:25-76
249                <action android:name="android.intent.action.TIME_SET" />
249-->[androidx.work:work-runtime:2.7.1] AndroidManifest.xml:118:17-73
249-->[androidx.work:work-runtime:2.7.1] AndroidManifest.xml:118:25-70
250                <action android:name="android.intent.action.TIMEZONE_CHANGED" />
250-->[androidx.work:work-runtime:2.7.1] AndroidManifest.xml:119:17-81
250-->[androidx.work:work-runtime:2.7.1] AndroidManifest.xml:119:25-78
251            </intent-filter>
252        </receiver>
253        <receiver
253-->[androidx.work:work-runtime:2.7.1] AndroidManifest.xml:122:9-131:20
254            android:name="androidx.work.impl.background.systemalarm.ConstraintProxyUpdateReceiver"
254-->[androidx.work:work-runtime:2.7.1] AndroidManifest.xml:123:13-99
255            android:directBootAware="false"
255-->[androidx.work:work-runtime:2.7.1] AndroidManifest.xml:124:13-44
256            android:enabled="@bool/enable_system_alarm_service_default"
256-->[androidx.work:work-runtime:2.7.1] AndroidManifest.xml:125:13-72
257            android:exported="false" >
257-->[androidx.work:work-runtime:2.7.1] AndroidManifest.xml:126:13-37
258            <intent-filter>
258-->[androidx.work:work-runtime:2.7.1] AndroidManifest.xml:128:13-130:29
259                <action android:name="androidx.work.impl.background.systemalarm.UpdateProxies" />
259-->[androidx.work:work-runtime:2.7.1] AndroidManifest.xml:129:17-98
259-->[androidx.work:work-runtime:2.7.1] AndroidManifest.xml:129:25-95
260            </intent-filter>
261        </receiver>
262        <receiver